#
# A fatal error has been detected by the Java Runtime Environment:
#
#  SIGSEGV (0xb) at pc=0x00000001494194b1, pid=51518, tid=0x0000000000014c1f
#
# JRE version: Java(TM) SE Runtime Environment (8.0_221-b11) (build 1.8.0_221-b11)
# Java VM: Java HotSpot(TM) 64-Bit Server VM (25.221-b11 mixed mode bsd-amd64 compressed oops)
# Problematic frame:
# C  [libtesseract.5.dylib+0x1c4b1]  _ZN9tesseract9Tesseract15recog_all_wordsEPNS_8PAGE_RESEPNS_10ETEXT_DESCEPKNS_4TBOXEPKci+0xaf
#
# Failed to write core dump. Core dumps have been disabled. To enable core dumping, try "ulimit -c unlimited" before starting Java again
#
# If you would like to submit a bug report, please visit:
#   http://bugreport.java.com/bugreport/crash.jsp
# The crash happened outside the Java Virtual Machine in native code.
# See problematic frame for where to report the bug.
#

---------------  T H R E A D  ---------------

Current thread (0x00007fad17d50000):  JavaThread "http-nio-10021-exec-2" daemon [_thread_in_native, id=85023, stack(0x00000003092e9000,0x00000003093e9000)]

siginfo: si_signo: 11 (SIGSEGV), si_code: 1 (SEGV_MAPERR), si_addr: 0x000000000000000c

Registers:
RAX=0x0000000000000000, RBX=0x000060000252fb60, RCX=0x0000000000000000, RDX=0x00006000008635d0
RSP=0x00000003093e5100, RBP=0x00000003093e52e0, RSI=0x0000000000000000, RDI=0x00000003093e51b0
R8 =0x0000000000000000, R9 =0x0000000000000000, R10=0x00000000fffff800, R11=0x9404009404009404
R12=0x0000000000000000, R13=0x000060000252fb60, R14=0x00000000ffffffff, R15=0x00007face8188000
RIP=0x00000001494194b1, EFLAGS=0x0000000000000246, ERR=0x0000000000000004
  TRAPNO=0x000000000000000e

Top of Stack: (sp=0x00000003093e5100)
0x00000003093e5100:   000060000252fb60 0000000000000000
0x00000003093e5110:   0000000000000000 0000000000000000
0x00000003093e5120:   00007fad0776da80 000060000086fea0
0x00000003093e5130:   000060000086fe70 00007fad0776dc60
0x00000003093e5140:   00006000008635d0 000060000086fe70
0x00000003093e5150:   000060000252fb68 000060000086fe70
0x00000003093e5160:   000060000086fe70 000060000086fe70
0x00000003093e5170:   000060000086fe70 404a900000000000
0x00000003093e5180:   000060000086fe98 000060000086fea0
0x00000003093e5190:   00006000008635d0 0000600000804120
0x00000003093e51a0:   000060000086fea0 0000600000010000
0x00000003093e51b0:   00006000008635f0 00007fad0776dc60
0x00000003093e51c0:   00007fad0776de40 00007fad0776ee50
0x00000003093e51d0:   00007fad0776dc60 0000600000010000
0x00000003093e51e0:   000060000086fec0 00007fad07769710
0x00000003093e51f0:   00007fad0776da80 00007fad07769710
0x00000003093e5200:   00007fad0776da80 0000600002000000
0x00000003093e5210:   00006000008635f0 00007fad0776e020
0x00000003093e5220:   00007fad0776dc60 00007fad0776de40
0x00000003093e5230:   00007fad0776dc60 0000600003000000
0x00000003093e5240:   0000000000000000 000060000086fe70
0x00000003093e5250:   00000003093e52e0 000000014946d52c
0x00000003093e5260:   00007ff81e06456c 00007face81a9a68
0x00000003093e5270:   00000003093e52b0 0000000000000000
0x00000003093e5280:   00000001495df318 0000600003dd78e0
0x00000003093e5290:   0000600003dd78e0 00007face81a9a68
0x00000003093e52a0:   00000003093e52f0 0000000000000000
0x00000003093e52b0:   00000000093e52e0 00000003093e52f0
0x00000003093e52c0:   0000600003dd78e0 00007face81a9a68
0x00000003093e52d0:   00000000ffffffff 0000000000000000
0x00000003093e52e0:   00000003093e5330 0000000149402513
0x00000003093e52f0:   0000000000000001 00006000028dca00 

Instructions: (pc=0x00000001494194b1)
0x0000000149419491:   83 bf e8 14 00 00 00 7e 0d 49 89 dd 4c 89 ff e8
0x00000001494194a1:   fd 11 07 00 eb 18 49 89 dd 49 8b 87 c0 09 00 00
0x00000001494194b1:   80 78 0c 00 74 08 4c 89 ff e8 65 12 07 00 49 8b
0x00000001494194c1:   9f c0 49 02 00 4d 8b b7 c8 49 02 00 4c 39 f3 74 

Register to memory mapping:

RAX=0x0000000000000000 is an unknown value
RBX=0x000060000252fb60 is an unknown value
RCX=0x0000000000000000 is an unknown value
RDX=0x00006000008635d0 is an unknown value
RSP=0x00000003093e5100 is pointing into the stack for thread: 0x00007fad17d50000
RBP=0x00000003093e52e0 is pointing into the stack for thread: 0x00007fad17d50000
RSI=0x0000000000000000 is an unknown value
RDI=0x00000003093e51b0 is pointing into the stack for thread: 0x00007fad17d50000
R8 =0x0000000000000000 is an unknown value
R9 =0x0000000000000000 is an unknown value
R10=0x00000000fffff800 is an unknown value
R11=0x9404009404009404 is an unknown value
R12=0x0000000000000000 is an unknown value
R13=0x000060000252fb60 is an unknown value
R14=0x00000000ffffffff is an unknown value
R15=0x00007face8188000 is an unknown value


Stack: [0x00000003092e9000,0x00000003093e9000],  sp=0x00000003093e5100,  free space=1008k
Native frames: (J=compiled Java code, j=interpreted, Vv=VM code, C=native code)
C  [libtesseract.5.dylib+0x1c4b1]  _ZN9tesseract9Tesseract15recog_all_wordsEPNS_8PAGE_RESEPNS_10ETEXT_DESCEPKNS_4TBOXEPKci+0xaf
C  [libtesseract.5.dylib+0x5513]  _ZN9tesseract11TessBaseAPI9RecognizeEPNS_10ETEXT_DESCE+0x3b3
C  [libtesseract.5.dylib+0x42bb]  _ZN9tesseract11TessBaseAPI11GetUTF8TextEv+0x35
C  [jna3366614415499938210.tmp+0xd94c]  ffi_call_unix64+0x4c
C  0x00000003093e5e10

Java frames: (J=compiled Java code, j=interpreted, Vv=VM code)
j  com.sun.jna.Native.invokePointer(JI[Ljava/lang/Object;)J+0
j  com.sun.jna.Function.invokePointer(I[Ljava/lang/Object;)Lcom/sun/jna/Pointer;+6
j  com.sun.jna.Function.invoke([Ljava/lang/Object;Ljava/lang/Class;Z)Ljava/lang/Object;+482
j  com.sun.jna.Function.invoke(Ljava/lang/Class;[Ljava/lang/Object;Ljava/util/Map;)Ljava/lang/Object;+284
j  com.sun.jna.Library$Handler.invoke(Ljava/lang/Object;Ljava/lang/reflect/Method;[Ljava/lang/Object;)Ljava/lang/Object;+348
j  com.sun.proxy.$Proxy61.TessBaseAPIGetUTF8Text(Lnet/sourceforge/tess4j/ITessAPI$TessBaseAPI;)Lcom/sun/jna/Pointer;+16
j  net.sourceforge.tess4j.Tesseract.getOCRText(Ljava/lang/String;I)Ljava/lang/String;+69
j  net.sourceforge.tess4j.Tesseract.doOCR(Ljava/util/List;Ljava/lang/String;Ljava/awt/Rectangle;)Ljava/lang/String;+79
j  net.sourceforge.tess4j.Tesseract.doOCR(Ljava/io/File;Ljava/awt/Rectangle;)Ljava/lang/String;+14
j  net.sourceforge.tess4j.Tesseract.doOCR(Ljava/io/File;)Ljava/lang/String;+7
j  com.zzh.dream.OCRService.recognize(Ljava/lang/String;Ljava/lang/String;)Ljava/lang/String;+42
j  com.zzh.dream.OCRService.recognize(Ljava/lang/String;)Ljava/lang/String;+8
j  com.zzh.dream.controller.OcrController.recognizeText(Ljava/lang/String;)Ljava/lang/String;+9
v  ~StubRoutines::call_stub
J 3747  sun.reflect.NativeMethodAccessorImpl.invoke0(Ljava/lang/reflect/Method;Ljava/lang/Object;[Ljava/lang/Object;)Ljava/lang/Object; (0 bytes) @ 0x000000010ca5ebb7 [0x000000010ca5eb40+0x77]
J 3746 C1 sun.reflect.NativeMethodAccessorImpl.invoke(Ljava/lang/Object;[Ljava/lang/Object;)Ljava/lang/Object; (104 bytes) @ 0x000000010ca5f3bc [0x000000010ca5ef80+0x43c]
J 1919 C1 sun.reflect.DelegatingMethodAccessorImpl.invoke(Ljava/lang/Object;[Ljava/lang/Object;)Ljava/lang/Object; (10 bytes) @ 0x000000010c778524 [0x000000010c7784c0+0x64]
J 2595 C1 com.zeroturnaround.jrebelbase.facade.Forward.methodInvoke(Lcom/zeroturnaround/jrebelbase/k;Ljava/lang/Object;[Ljava/lang/Object;Ljava/lang/reflect/Method;)Ljava/lang/Object; (48 bytes) @ 0x000000010c8a492c [0x000000010c8a48a0+0x8c]
J 2594 C1 java.lang.reflect.Method.invoke(Ljava/lang/Object;[Ljava/lang/Object;)Ljava/lang/Object; (69 bytes) @ 0x000000010c8a3b84 [0x000000010c8a3a00+0x184]
j  org.springframework.web.method.support.InvocableHandlerMethod.doInvoke([Ljava/lang/Object;)Ljava/lang/Object;+20
j  org.springframework.web.method.support.InvocableHandlerMethod.invokeForRequest(Lorg/springframework/web/context/request/NativeWebRequest;Lorg/springframework/web/method/support/ModelAndViewContainer;[Ljava/lang/Object;)Ljava/lang/Object;+60
j  org.springframework.web.servlet.mvc.method.annotation.ServletInvocableHandlerMethod.invokeAndHandle(Lorg/springframework/web/context/request/ServletWebRequest;Lorg/springframework/web/method/support/ModelAndViewContainer;[Ljava/lang/Object;)V+8
j  org.springframework.web.servlet.mvc.method.annotation.RequestMappingHandlerAdapter.invokeHandlerMethod(Ljavax/servlet/http/HttpServletRequest;Ljavax/servlet/http/HttpServletResponse;Lorg/springframework/web/method/HandlerMethod;)Lorg/springframework/web/servlet/ModelAndView;+256
j  org.springframework.web.servlet.mvc.method.annotation.RequestMappingHandlerAdapter.handleInternal(Ljavax/servlet/http/HttpServletRequest;Ljavax/servlet/http/HttpServletResponse;Lorg/springframework/web/method/HandlerMethod;)Lorg/springframework/web/servlet/ModelAndView;+94
j  org.springframework.web.servlet.mvc.method.AbstractHandlerMethodAdapter.handle(Ljavax/servlet/http/HttpServletRequest;Ljavax/servlet/http/HttpServletResponse;Ljava/lang/Object;)Lorg/springframework/web/servlet/ModelAndView;+13
j  org.springframework.web.servlet.DispatcherServlet.doDispatch(Ljavax/servlet/http/HttpServletRequest;Ljavax/servlet/http/HttpServletResponse;)V+264
j  org.springframework.web.servlet.DispatcherServlet.doService(Ljavax/servlet/http/HttpServletRequest;Ljavax/servlet/http/HttpServletResponse;)V+287
j  org.springframework.web.servlet.FrameworkServlet.processRequest(Ljavax/servlet/http/HttpServletRequest;Ljavax/servlet/http/HttpServletResponse;)V+72
j  org.springframework.web.servlet.FrameworkServlet.doPost(Ljavax/servlet/http/HttpServletRequest;Ljavax/servlet/http/HttpServletResponse;)V+3
j  javax.servlet.http.HttpServlet.service(Ljavax/servlet/http/HttpServletRequest;Ljavax/servlet/http/HttpServletResponse;)V+153
j  org.springframework.web.servlet.FrameworkServlet.service(Ljavax/servlet/http/HttpServletRequest;Ljavax/servlet/http/HttpServletResponse;)V+40
j  javax.servlet.http.HttpServlet.service(Ljavax/servlet/ServletRequest;Ljavax/servlet/ServletResponse;)V+58
j  org.apache.catalina.core.ApplicationFilterChain.internalDoFilter(Ljavax/servlet/ServletRequest;Ljavax/servlet/ServletResponse;)V+340
j  org.apache.catalina.core.ApplicationFilterChain.doFilter(Ljavax/servlet/ServletRequest;Ljavax/servlet/ServletResponse;)V+157
j  org.apache.tomcat.websocket.server.WsFilter.doFilter(Ljavax/servlet/ServletRequest;Ljavax/servlet/ServletResponse;Ljavax/servlet/FilterChain;)V+25
j  org.apache.catalina.core.ApplicationFilterChain.internalDoFilter(Ljavax/servlet/ServletRequest;Ljavax/servlet/ServletResponse;)V+141
j  org.apache.catalina.core.ApplicationFilterChain.doFilter(Ljavax/servlet/ServletRequest;Ljavax/servlet/ServletResponse;)V+157
j  org.springframework.web.filter.RequestContextFilter.doFilterInternal(Ljavax/servlet/http/HttpServletRequest;Ljavax/servlet/http/HttpServletResponse;Ljavax/servlet/FilterChain;)V+25
j  org.springframework.web.filter.OncePerRequestFilter.doFilter(Ljavax/servlet/ServletRequest;Ljavax/servlet/ServletResponse;Ljavax/servlet/FilterChain;)V+177
j  org.apache.catalina.core.ApplicationFilterChain.internalDoFilter(Ljavax/servlet/ServletRequest;Ljavax/servlet/ServletResponse;)V+141
j  org.apache.catalina.core.ApplicationFilterChain.doFilter(Ljavax/servlet/ServletRequest;Ljavax/servlet/ServletResponse;)V+157
j  org.springframework.web.filter.FormContentFilter.doFilterInternal(Ljavax/servlet/http/HttpServletRequest;Ljavax/servlet/http/HttpServletResponse;Ljavax/servlet/FilterChain;)V+42
j  org.springframework.web.filter.OncePerRequestFilter.doFilter(Ljavax/servlet/ServletRequest;Ljavax/servlet/ServletResponse;Ljavax/servlet/FilterChain;)V+177
j  org.apache.catalina.core.ApplicationFilterChain.internalDoFilter(Ljavax/servlet/ServletRequest;Ljavax/servlet/ServletResponse;)V+141
j  org.apache.catalina.core.ApplicationFilterChain.doFilter(Ljavax/servlet/ServletRequest;Ljavax/servlet/ServletResponse;)V+157
j  org.springframework.web.filter.CharacterEncodingFilter.doFilterInternal(Ljavax/servlet/http/HttpServletRequest;Ljavax/servlet/http/HttpServletResponse;Ljavax/servlet/FilterChain;)V+57
j  org.springframework.web.filter.OncePerRequestFilter.doFilter(Ljavax/servlet/ServletRequest;Ljavax/servlet/ServletResponse;Ljavax/servlet/FilterChain;)V+177
j  org.apache.catalina.core.ApplicationFilterChain.internalDoFilter(Ljavax/servlet/ServletRequest;Ljavax/servlet/ServletResponse;)V+141
j  org.apache.catalina.core.ApplicationFilterChain.doFilter(Ljavax/servlet/ServletRequest;Ljavax/servlet/ServletResponse;)V+157
j  org.apache.catalina.core.StandardWrapperValve.invoke(Lorg/apache/catalina/connector/Request;Lorg/apache/catalina/connector/Response;)V+715
j  org.apache.catalina.core.StandardContextValve.__invoke(Lorg/apache/catalina/connector/Request;Lorg/apache/catalina/connector/Response;)V+169
j  org.apache.catalina.core.StandardContextValve.invoke(Lorg/apache/catalina/connector/Request;Lorg/apache/catalina/connector/Response;)V+9
j  org.apache.catalina.authenticator.AuthenticatorBase.invoke(Lorg/apache/catalina/connector/Request;Lorg/apache/catalina/connector/Response;)V+264
j  org.apache.catalina.core.StandardHostValve.invoke(Lorg/apache/catalina/connector/Request;Lorg/apache/catalina/connector/Response;)V+223
j  org.apache.catalina.valves.ErrorReportValve.invoke(Lorg/apache/catalina/connector/Request;Lorg/apache/catalina/connector/Response;)V+10
j  org.apache.catalina.core.StandardEngineValve.invoke(Lorg/apache/catalina/connector/Request;Lorg/apache/catalina/connector/Response;)V+59
j  org.apache.catalina.connector.CoyoteAdapter.service(Lorg/apache/coyote/Request;Lorg/apache/coyote/Response;)V+683
j  org.apache.coyote.http11.Http11Processor.service(Lorg/apache/tomcat/util/net/SocketWrapperBase;)Lorg/apache/tomcat/util/net/AbstractEndpoint$Handler$SocketState;+747
j  org.apache.coyote.AbstractProcessorLight.process(Lorg/apache/tomcat/util/net/SocketWrapperBase;Lorg/apache/tomcat/util/net/SocketEvent;)Lorg/apache/tomcat/util/net/AbstractEndpoint$Handler$SocketState;+192
j  org.apache.coyote.AbstractProtocol$ConnectionHandler.process(Lorg/apache/tomcat/util/net/SocketWrapperBase;Lorg/apache/tomcat/util/net/SocketEvent;)Lorg/apache/tomcat/util/net/AbstractEndpoint$Handler$SocketState;+524
j  org.apache.tomcat.util.net.NioEndpoint$SocketProcessor.doRun()V+239
j  org.apache.tomcat.util.net.SocketProcessorBase.run()V+24
j  java.util.concurrent.ThreadPoolExecutor.runWorker(Ljava/util/concurrent/ThreadPoolExecutor$Worker;)V+95
j  java.util.concurrent.ThreadPoolExecutor$Worker.run()V+5
j  org.apache.tomcat.util.threads.TaskThread$WrappingRunnable.run()V+8
j  java.lang.Thread.run()V+15
v  ~StubRoutines::call_stub

---------------  P R O C E S S  ---------------

Java Threads: ( => current thread )
  0x00007fad18b8e800 JavaThread "Java2D Disposer" daemon [_thread_blocked, id=53031, stack(0x0000000309f0d000,0x000000030a00d000)]
  0x00007fad10dcd800 JavaThread "AWT-AppKit" daemon [_thread_in_native, id=259, stack(0x000000030586e000,0x000000030606e000)]
  0x00007fad105e9800 JavaThread "RMI TCP Connection(3)-127.0.0.1" daemon [_thread_in_native, id=51459, stack(0x0000000309e0a000,0x0000000309f0a000)]
  0x00007fad105c8800 JavaThread "RMI TCP Connection(2)-127.0.0.1" daemon [_thread_in_native, id=80399, stack(0x000000030818b000,0x000000030828b000)]
  0x00007fad07e3c000 JavaThread "DestroyJavaVM" [_thread_blocked, id=5891, stack(0x00000003060f2000,0x00000003061f2000)]
  0x00007facb794f800 JavaThread "http-nio-10021-Acceptor" daemon [_thread_in_native, id=50691, stack(0x0000000309d07000,0x0000000309e07000)]
  0x00007fad10dbf000 JavaThread "http-nio-10021-ClientPoller" daemon [_thread_in_native, id=50207, stack(0x0000000309c04000,0x0000000309d04000)]
  0x00007facc0158800 JavaThread "http-nio-10021-exec-10" daemon [_thread_blocked, id=81411, stack(0x0000000309b01000,0x0000000309c01000)]
  0x00007facb794f000 JavaThread "http-nio-10021-exec-9" daemon [_thread_blocked, id=81667, stack(0x00000003099fe000,0x0000000309afe000)]
  0x00007facb794e000 JavaThread "http-nio-10021-exec-8" daemon [_thread_blocked, id=49411, stack(0x00000003098fb000,0x00000003099fb000)]
  0x00007facb794d800 JavaThread "http-nio-10021-exec-7" daemon [_thread_blocked, id=49155, stack(0x00000003097f8000,0x00000003098f8000)]
  0x00007fad10daa000 JavaThread "http-nio-10021-exec-6" daemon [_thread_blocked, id=82435, stack(0x00000003096f5000,0x00000003097f5000)]
  0x00007fad10dbd000 JavaThread "http-nio-10021-exec-5" daemon [_thread_blocked, id=82691, stack(0x00000003095f2000,0x00000003096f2000)]
  0x00007facb795c800 JavaThread "http-nio-10021-exec-4" daemon [_thread_blocked, id=84143, stack(0x00000003094ef000,0x00000003095ef000)]
  0x00007facb795c000 JavaThread "http-nio-10021-exec-3" daemon [_thread_blocked, id=48591, stack(0x00000003093ec000,0x00000003094ec000)]
=>0x00007fad17d50000 JavaThread "http-nio-10021-exec-2" daemon [_thread_in_native, id=85023, stack(0x00000003092e9000,0x00000003093e9000)]
  0x00007fad17d4f800 JavaThread "http-nio-10021-exec-1" daemon [_thread_blocked, id=41787, stack(0x0000000308edd000,0x0000000308fdd000)]
  0x00007fad17d46000 JavaThread "http-nio-10021-BlockPoller" daemon [_thread_in_native, id=45131, stack(0x0000000308dda000,0x0000000308eda000)]
  0x00007fad17cee000 JavaThread "container-0" [_thread_blocked, id=46359, stack(0x0000000308cac000,0x0000000308dac000)]
  0x00007fad07dd5800 JavaThread "Catalina-utility-2" [_thread_blocked, id=48695, stack(0x0000000308ba9000,0x0000000308ca9000)]
  0x00007fad10572800 JavaThread "Catalina-utility-1" [_thread_blocked, id=85827, stack(0x000000030753c000,0x000000030763c000)]
  0x00007fad07b02000 JavaThread "rebel-IDENotificationsImpl-PostCycle" daemon [_thread_blocked, id=47107, stack(0x00000003091e6000,0x00000003092e6000)]
  0x00007fad10c1b800 JavaThread "rebel-messaging-executor-71" daemon [_thread_blocked, id=83815, stack(0x0000000308aa6000,0x0000000308ba6000)]
  0x00007fad1029a800 JavaThread "RMI Scheduler(0)" daemon [_thread_blocked, id=47447, stack(0x00000003090e3000,0x00000003091e3000)]
  0x00007fad18d98800 JavaThread "RMI TCP Connection(1)-127.0.0.1" daemon [_thread_in_native, id=84747, stack(0x0000000308fe0000,0x00000003090e0000)]
  0x00007fad07aa7000 JavaThread "process reaper" daemon [_thread_blocked, id=45827, stack(0x0000000308daf000,0x0000000308dd7000)]
  0x00007fad10b90000 JavaThread "Attach Listener" daemon [_thread_blocked, id=43547, stack(0x00000003089a3000,0x0000000308aa3000)]
  0x00007fad07a28800 JavaThread "RMI TCP Accept-0" daemon [_thread_in_native, id=32211, stack(0x000000030879d000,0x000000030889d000)]
  0x00007fad101b3800 JavaThread "Service Thread" daemon [_thread_blocked, id=34307, stack(0x000000030869a000,0x000000030879a000)]
  0x00007fad181ba800 JavaThread "C1 CompilerThread3" daemon [_thread_blocked, id=30723, stack(0x0000000308597000,0x0000000308697000)]
  0x00007fad10ab1000 JavaThread "C2 CompilerThread2" daemon [_thread_blocked, id=30467, stack(0x0000000308494000,0x0000000308594000)]
  0x00007fad1019d800 JavaThread "C2 CompilerThread1" daemon [_thread_blocked, id=29955, stack(0x0000000308391000,0x0000000308491000)]
  0x00007fad07971800 JavaThread "C2 CompilerThread0" daemon [_thread_blocked, id=28163, stack(0x000000030828e000,0x000000030838e000)]
  0x00007fad0799e800 JavaThread "pool-3-thread-1" daemon [_thread_blocked, id=25867, stack(0x0000000308088000,0x0000000308188000)]
  0x00007fad10a76800 JavaThread "rebel-change-detector-thread" daemon [_thread_blocked, id=26639, stack(0x0000000307f85000,0x0000000308085000)]
  0x00007fad0797e800 JavaThread "rebel-debugger-thread" daemon [_thread_blocked, id=39687, stack(0x0000000307948000,0x0000000307a48000)]
  0x00007fad0797e000 JavaThread "rebel-debugger-attach-notifier" daemon [_thread_blocked, id=41231, stack(0x0000000307845000,0x0000000307945000)]
  0x00007fad18939800 JavaThread "rebel-heartbeat-thread" daemon [_thread_blocked, id=41479, stack(0x0000000307742000,0x0000000307842000)]
  0x00007fad183e9000 JavaThread "rebel-redeploy-thread" daemon [_thread_blocked, id=40967, stack(0x000000030763f000,0x000000030773f000)]
  0x00007fad183bd800 JavaThread "rebel-leaseManager-1" daemon [_thread_blocked, id=22795, stack(0x0000000307439000,0x0000000307539000)]
  0x00007fad189be000 JavaThread "rebel-weak-reaper" daemon [_thread_blocked, id=24071, stack(0x0000000307336000,0x0000000307436000)]
  0x00007fad1789a000 JavaThread "rebel-cache-writer" daemon [_thread_blocked, id=38919, stack(0x0000000307233000,0x0000000307333000)]
  0x00007fad109f7800 JavaThread "rebel-fsnotify-OutputReader" daemon [_thread_in_native, id=27911, stack(0x0000000307e82000,0x0000000307f82000)]
  0x00007fad1098f000 JavaThread "rebel-fsnotify-OutputReader" daemon [_thread_in_native, id=28679, stack(0x0000000307d7f000,0x0000000307e7f000)]
  0x00007fad07929000 JavaThread "rebel-fsnotify-ShutdownOnTermination" daemon [_thread_blocked, id=25351, stack(0x0000000307c7c000,0x0000000307d7c000)]
  0x00007fad1096d000 JavaThread "process reaper" daemon [_thread_in_native, id=27395, stack(0x0000000307c51000,0x0000000307c79000)]
  0x00007fad181c1800 JavaThread "rebel-CacheKeepAlive" daemon [_thread_blocked, id=37635, stack(0x0000000307b4e000,0x0000000307c4e000)]
  0x00007fad17892800 JavaThread "rebel-logger" daemon [_thread_blocked, id=24619, stack(0x0000000307a4b000,0x0000000307b4b000)]
  0x00007fad18011800 JavaThread "JDWP Command Reader" daemon [_thread_in_native, id=42755, stack(0x0000000307130000,0x0000000307230000)]
  0x00007fad18829000 JavaThread "JDWP Event Helper Thread" daemon [_thread_blocked, id=43267, stack(0x000000030702d000,0x000000030712d000)]
  0x00007fad18813800 JavaThread "JDWP Transport Listener: dt_socket" daemon [_thread_blocked, id=16655, stack(0x0000000306f2a000,0x000000030702a000)]
  0x00007fad1081e800 JavaThread "Signal Dispatcher" daemon [_thread_blocked, id=17155, stack(0x0000000306e27000,0x0000000306f27000)]
  0x00007face7808800 JavaThread "Finalizer" daemon [_thread_blocked, id=18951, stack(0x0000000306c13000,0x0000000306d13000)]
  0x00007fad1000e800 JavaThread "Reference Handler" daemon [_thread_blocked, id=19491, stack(0x0000000306b10000,0x0000000306c10000)]

Other Threads:
  0x00007fad18816800 VMThread [stack: 0x0000000306a0d000,0x0000000306b0d000] [id=13827]
  0x00007fad101f6800 WatcherThread [stack: 0x00000003088a0000,0x00000003089a0000] [id=32307]

VM state:not at safepoint (normal execution)

VM Mutex/Monitor currently owned by a thread: None

heap address: 0x00000005c0000000, size: 8192 MB, Compressed Oops mode: Zero based, Oop shift amount: 3
Narrow klass base: 0x0000000000000000, Narrow klass shift: 3
Compressed class space size: 1073741824 Address: 0x00000007c0000000

Heap:
 PSYoungGen      total 356352K, used 191072K [0x0000000715580000, 0x000000072fb00000, 0x00000007c0000000)
  eden space 336896K, 51% used [0x0000000715580000,0x000000071fd4e2e8,0x0000000729e80000)
  from space 19456K, 98% used [0x000000072e800000,0x000000072faca050,0x000000072fb00000)
  to   space 21504K, 0% used [0x000000072d100000,0x000000072d100000,0x000000072e600000)
 ParOldGen       total 364032K, used 28610K [0x00000005c0000000, 0x00000005d6380000, 0x0000000715580000)
  object space 364032K, 7% used [0x00000005c0000000,0x00000005c1bf0b90,0x00000005d6380000)
 Metaspace       used 55319K, capacity 58126K, committed 58368K, reserved 1099776K
  class space    used 6917K, capacity 7424K, committed 7424K, reserved 1048576K

Card table byte_map: [0x000000011b356000,0x000000011c357000] byte_map_base: 0x0000000118556000

Marking Bits: (ParMarkBitMap*) 0x000000010ad9ae40
 Begin Bits: [0x000000011ce02000, 0x0000000124e02000)
 End Bits:   [0x0000000124e02000, 0x000000012ce02000)

Polling page: 0x0000000109526000

CodeCache: size=245760Kb used=11257Kb max_used=11257Kb free=234502Kb
 bounds [0x000000010c356000, 0x000000010ce56000, 0x000000011b356000]
 total_blobs=6590 nmethods=6064 adapters=447
 compilation: enabled

Compilation events (10 events):
Event: 11.659 Thread 0x00007fad181ba800 6065       1       java.awt.image.SampleModel::getDataType (5 bytes)
Event: 11.659 Thread 0x00007fad181ba800 nmethod 6065 0x000000010ce52890 code [0x000000010ce529e0, 0x000000010ce52af0]
Event: 11.659 Thread 0x00007fad181ba800 6066       1       javax.imageio.stream.ImageInputStreamImpl::reset (79 bytes)
Event: 11.660 Thread 0x00007fad181ba800 nmethod 6066 0x000000010ce52b50 code [0x000000010ce52d20, 0x000000010ce53268]
Event: 11.660 Thread 0x00007fad181ba800 6067       1       javax.imageio.stream.ImageInputStreamImpl::setBitOffset (40 bytes)
Event: 11.660 Thread 0x00007fad181ba800 nmethod 6067 0x000000010ce53690 code [0x000000010ce53820, 0x000000010ce53ab8]
Event: 11.661 Thread 0x00007fad181ba800 6068       1       java.io.RandomAccessFile::readFully (51 bytes)
Event: 11.661 Thread 0x00007fad181ba800 nmethod 6068 0x000000010ce53c50 code [0x000000010ce53de0, 0x000000010ce54018]
Event: 11.661 Thread 0x00007fad181ba800 6069       1       javax.imageio.stream.FileCacheImageOutputStream::_jr$ig$stream (8 bytes)
Event: 11.661 Thread 0x00007fad181ba800 nmethod 6069 0x000000010ce54190 code [0x000000010ce542e0, 0x000000010ce54410]

GC Heap History (10 events):
Event: 3.306 GC heap before
{Heap before GC invocations=2 (full 0):
 PSYoungGen      total 153088K, used 47256K [0x0000000715580000, 0x0000000728080000, 0x00000007c0000000)
  eden space 131584K, 20% used [0x0000000715580000,0x0000000716fa5908,0x000000071d600000)
  from space 21504K, 95% used [0x000000071d600000,0x000000071ea007d8,0x000000071eb00000)
  to   space 21504K, 0% used [0x0000000726b80000,0x0000000726b80000,0x0000000728080000)
 ParOldGen       total 349696K, used 0K [0x00000005c0000000, 0x00000005d5580000, 0x0000000715580000)
  object space 349696K, 0% used [0x00000005c0000000,0x00000005c0000000,0x00000005d5580000)
 Metaspace       used 20307K, capacity 21276K, committed 21296K, reserved 1067008K
  class space    used 2611K, capacity 2930K, committed 2944K, reserved 1048576K
Event: 3.320 GC heap after
Heap after GC invocations=2 (full 0):
 PSYoungGen      total 284672K, used 20325K [0x0000000715580000, 0x0000000728080000, 0x00000007c0000000)
  eden space 263168K, 0% used [0x0000000715580000,0x0000000715580000,0x0000000725680000)
  from space 21504K, 94% used [0x0000000726b80000,0x0000000727f59500,0x0000000728080000)
  to   space 21504K, 0% used [0x0000000725680000,0x0000000725680000,0x0000000726b80000)
 ParOldGen       total 349696K, used 0K [0x00000005c0000000, 0x00000005d5580000, 0x0000000715580000)
  object space 349696K, 0% used [0x00000005c0000000,0x00000005c0000000,0x00000005d5580000)
 Metaspace       used 20307K, capacity 21276K, committed 21296K, reserved 1067008K
  class space    used 2611K, capacity 2930K, committed 2944K, reserved 1048576K
}
Event: 3.320 GC heap before
{Heap before GC invocations=3 (full 1):
 PSYoungGen      total 284672K, used 20325K [0x0000000715580000, 0x0000000728080000, 0x00000007c0000000)
  eden space 263168K, 0% used [0x0000000715580000,0x0000000715580000,0x0000000725680000)
  from space 21504K, 94% used [0x0000000726b80000,0x0000000727f59500,0x0000000728080000)
  to   space 21504K, 0% used [0x0000000725680000,0x0000000725680000,0x0000000726b80000)
 ParOldGen       total 349696K, used 0K [0x00000005c0000000, 0x00000005d5580000, 0x0000000715580000)
  object space 349696K, 0% used [0x00000005c0000000,0x00000005c0000000,0x00000005d5580000)
 Metaspace       used 20307K, capacity 21276K, committed 21296K, reserved 1067008K
  class space    used 2611K, capacity 2930K, committed 2944K, reserved 1048576K
Event: 3.370 GC heap after
Heap after GC invocations=3 (full 1):
 PSYoungGen      total 284672K, used 0K [0x0000000715580000, 0x0000000728080000, 0x00000007c0000000)
  eden space 263168K, 0% used [0x0000000715580000,0x0000000715580000,0x0000000725680000)
  from space 21504K, 0% used [0x0000000726b80000,0x0000000726b80000,0x0000000728080000)
  to   space 21504K, 0% used [0x0000000725680000,0x0000000725680000,0x0000000726b80000)
 ParOldGen       total 218112K, used 20095K [0x00000005c0000000, 0x00000005cd500000, 0x0000000715580000)
  object space 218112K, 9% used [0x00000005c0000000,0x00000005c139ff08,0x00000005cd500000)
 Metaspace       used 20307K, capacity 21276K, committed 21296K, reserved 1067008K
  class space    used 2611K, capacity 2930K, committed 2944K, reserved 1048576K
}
Event: 5.108 GC heap before
{Heap before GC invocations=4 (full 1):
 PSYoungGen      total 284672K, used 163382K [0x0000000715580000, 0x0000000728080000, 0x00000007c0000000)
  eden space 263168K, 62% used [0x0000000715580000,0x000000071f50d850,0x0000000725680000)
  from space 21504K, 0% used [0x0000000726b80000,0x0000000726b80000,0x0000000728080000)
  to   space 21504K, 0% used [0x0000000725680000,0x0000000725680000,0x0000000726b80000)
 ParOldGen       total 218112K, used 20095K [0x00000005c0000000, 0x00000005cd500000, 0x0000000715580000)
  object space 218112K, 9% used [0x00000005c0000000,0x00000005c139ff08,0x00000005cd500000)
 Metaspace       used 33976K, capacity 35344K, committed 35456K, reserved 1079296K
  class space    used 4328K, capacity 4676K, committed 4736K, reserved 1048576K
Event: 5.130 GC heap after
Heap after GC invocations=4 (full 1):
 PSYoungGen      total 284672K, used 9526K [0x0000000715580000, 0x000000072fd00000, 0x00000007c0000000)
  eden space 263168K, 0% used [0x0000000715580000,0x0000000715580000,0x0000000725680000)
  from space 21504K, 44% used [0x0000000725680000,0x0000000725fcd9b0,0x0000000726b80000)
  to   space 21504K, 0% used [0x000000072e800000,0x000000072e800000,0x000000072fd00000)
 ParOldGen       total 218112K, used 20095K [0x00000005c0000000, 0x00000005cd500000, 0x0000000715580000)
  object space 218112K, 9% used [0x00000005c0000000,0x00000005c139ff08,0x00000005cd500000)
 Metaspace       used 33976K, capacity 35344K, committed 35456K, reserved 1079296K
  class space    used 4328K, capacity 4676K, committed 4736K, reserved 1048576K
}
Event: 5.131 GC heap before
{Heap before GC invocations=5 (full 2):
 PSYoungGen      total 284672K, used 9526K [0x0000000715580000, 0x000000072fd00000, 0x00000007c0000000)
  eden space 263168K, 0% used [0x0000000715580000,0x0000000715580000,0x0000000725680000)
  from space 21504K, 44% used [0x0000000725680000,0x0000000725fcd9b0,0x0000000726b80000)
  to   space 21504K, 0% used [0x000000072e800000,0x000000072e800000,0x000000072fd00000)
 ParOldGen       total 218112K, used 20095K [0x00000005c0000000, 0x00000005cd500000, 0x0000000715580000)
  object space 218112K, 9% used [0x00000005c0000000,0x00000005c139ff08,0x00000005cd500000)
 Metaspace       used 33976K, capacity 35344K, committed 35456K, reserved 1079296K
  class space    used 4328K, capacity 4676K, committed 4736K, reserved 1048576K
Event: 5.221 GC heap after
Heap after GC invocations=5 (full 2):
 PSYoungGen      total 284672K, used 0K [0x0000000715580000, 0x000000072fd00000, 0x00000007c0000000)
  eden space 263168K, 0% used [0x0000000715580000,0x0000000715580000,0x0000000725680000)
  from space 21504K, 0% used [0x0000000725680000,0x0000000725680000,0x0000000726b80000)
  to   space 21504K, 0% used [0x000000072e800000,0x000000072e800000,0x000000072fd00000)
 ParOldGen       total 364032K, used 28602K [0x00000005c0000000, 0x00000005d6380000, 0x0000000715580000)
  object space 364032K, 7% used [0x00000005c0000000,0x00000005c1beeb90,0x00000005d6380000)
 Metaspace       used 33976K, capacity 35344K, committed 35456K, reserved 1079296K
  class space    used 4328K, capacity 4676K, committed 4736K, reserved 1048576K
}
Event: 7.890 GC heap before
{Heap before GC invocations=6 (full 2):
 PSYoungGen      total 284672K, used 263168K [0x0000000715580000, 0x000000072fd00000, 0x00000007c0000000)
  eden space 263168K, 100% used [0x0000000715580000,0x0000000725680000,0x0000000725680000)
  from space 21504K, 0% used [0x0000000725680000,0x0000000725680000,0x0000000726b80000)
  to   space 21504K, 0% used [0x000000072e800000,0x000000072e800000,0x000000072fd00000)
 ParOldGen       total 364032K, used 28602K [0x00000005c0000000, 0x00000005d6380000, 0x0000000715580000)
  object space 364032K, 7% used [0x00000005c0000000,0x00000005c1beeb90,0x00000005d6380000)
 Metaspace       used 50259K, capacity 53010K, committed 53248K, reserved 1095680K
  class space    used 6299K, capacity 6801K, committed 6912K, reserved 1048576K
Event: 7.911 GC heap after
Heap after GC invocations=6 (full 2):
 PSYoungGen      total 356352K, used 19240K [0x0000000715580000, 0x000000072fb00000, 0x00000007c0000000)
  eden space 336896K, 0% used [0x0000000715580000,0x0000000715580000,0x0000000729e80000)
  from space 19456K, 98% used [0x000000072e800000,0x000000072faca050,0x000000072fb00000)
  to   space 21504K, 0% used [0x000000072d100000,0x000000072d100000,0x000000072e600000)
 ParOldGen       total 364032K, used 28610K [0x00000005c0000000, 0x00000005d6380000, 0x0000000715580000)
  object space 364032K, 7% used [0x00000005c0000000,0x00000005c1bf0b90,0x00000005d6380000)
 Metaspace       used 50259K, capacity 53010K, committed 53248K, reserved 1095680K
  class space    used 6299K, capacity 6801K, committed 6912K, reserved 1048576K
}

Deoptimization events (0 events):
No events

Classes redefined (8 events):
Event: 2.037 Thread 0x00007fad18816800 redefined class name=com.zeroturnaround.jrebelbase.facade.bc, count=1
Event: 2.038 Thread 0x00007fad18816800 redefined class name=com.zeroturnaround.jrebelbase.facade.aw, count=1
Event: 2.039 Thread 0x00007fad18816800 redefined class name=com.zeroturnaround.jrebelbase.facade.a, count=1
Event: 2.041 Thread 0x00007fad18816800 redefined class name=com.zeroturnaround.jrebelbase.d, count=1
Event: 2.041 Thread 0x00007fad18816800 redefined class name=com.zeroturnaround.jrebelbase.facade.f, count=1
Event: 2.042 Thread 0x00007fad18816800 redefined class name=com.zeroturnaround.jrebelbase.facade.e, count=1
Event: 2.043 Thread 0x00007fad18816800 redefined class name=com.zeroturnaround.jrebelbase.facade.g, count=1
Event: 2.044 Thread 0x00007fad18816800 redefined class name=com.zeroturnaround.jrebelbase.facade.af, count=1

Internal exceptions (10 events):
Event: 7.941 Thread 0x00007fad18d98800 Exception <a 'java/lang/reflect/InvocationTargetException'> (0x00000007155880d0) thrown at [/Users/java_re/workspace/8-2-build-macosx-x86_64/jdk8u221/13320/hotspot/src/share/vm/runtime/reflection.cpp, line 1092]
Event: 8.149 Thread 0x00007fad18815800 Exception <a 'java/lang/ArrayIndexOutOfBoundsException'> (0x0000000716921940) thrown at [/Users/java_re/workspace/8-2-build-macosx-x86_64/jdk8u221/13320/hotspot/src/share/vm/runtime/sharedRuntime.cpp, line 605]
Event: 8.150 Thread 0x00007fad18815800 Exception <a 'java/lang/ArrayIndexOutOfBoundsException'> (0x000000071692f138) thrown at [/Users/java_re/workspace/8-2-build-macosx-x86_64/jdk8u221/13320/hotspot/src/share/vm/runtime/sharedRuntime.cpp, line 605]
Event: 8.150 Thread 0x00007fad18815800 Exception <a 'java/lang/ArrayIndexOutOfBoundsException'> (0x0000000716931428) thrown at [/Users/java_re/workspace/8-2-build-macosx-x86_64/jdk8u221/13320/hotspot/src/share/vm/runtime/sharedRuntime.cpp, line 605]
Event: 8.150 Thread 0x00007fad18815800 Exception <a 'java/lang/ArrayIndexOutOfBoundsException'> (0x0000000716932cf0) thrown at [/Users/java_re/workspace/8-2-build-macosx-x86_64/jdk8u221/13320/hotspot/src/share/vm/runtime/sharedRuntime.cpp, line 605]
Event: 8.166 Thread 0x00007fad18815800 Exception <a 'java/lang/ArrayIndexOutOfBoundsException'> (0x0000000716a12e08) thrown at [/Users/java_re/workspace/8-2-build-macosx-x86_64/jdk8u221/13320/hotspot/src/share/vm/runtime/sharedRuntime.cpp, line 605]
Event: 8.167 Thread 0x00007fad18815800 Exception <a 'java/lang/ArrayIndexOutOfBoundsException'> (0x0000000716a15110) thrown at [/Users/java_re/workspace/8-2-build-macosx-x86_64/jdk8u221/13320/hotspot/src/share/vm/runtime/sharedRuntime.cpp, line 605]
Event: 8.169 Thread 0x00007fad18815800 Exception <a 'java/lang/ArrayIndexOutOfBoundsException'> (0x0000000716a2a178) thrown at [/Users/java_re/workspace/8-2-build-macosx-x86_64/jdk8u221/13320/hotspot/src/share/vm/runtime/sharedRuntime.cpp, line 605]
Event: 11.196 Thread 0x00007fad17d50000 Exception <a 'java/io/FileNotFoundException'> (0x0000000718bf5140) thrown at [/Users/java_re/workspace/8-2-build-macosx-x86_64/jdk8u221/13320/hotspot/src/share/vm/prims/jni.cpp, line 710]
Event: 11.196 Thread 0x00007fad17d50000 Exception <a 'java/io/FileNotFoundException'> (0x0000000718bf6068) thrown at [/Users/java_re/workspace/8-2-build-macosx-x86_64/jdk8u221/13320/hotspot/src/share/vm/prims/jni.cpp, line 710]

Events (10 events):
Event: 11.687 loading class java/lang/StrictMath
Event: 11.688 loading class java/lang/StrictMath done
Event: 11.688 loading class com/sun/jna/Native$Buffers
Event: 11.688 loading class com/sun/jna/Native$Buffers done
Event: 11.688 Thread 0x00007fad17d50000 DEOPT PACKING pc=0x000000010c74ca74 sp=0x00000003093e4850
Event: 11.688 Thread 0x00007fad17d50000 DEOPT UNPACKING pc=0x000000010c39d384 sp=0x00000003093e4600 mode 1
Event: 11.688 Thread 0x00007fad17d50000 DEOPT PACKING pc=0x000000010c6b774c sp=0x00000003093e4910
Event: 11.688 Thread 0x00007fad17d50000 DEOPT UNPACKING pc=0x000000010c39d384 sp=0x00000003093e46c0 mode 1
Event: 11.688 Thread 0x00007fad17d50000 DEOPT PACKING pc=0x000000010c6b76a4 sp=0x00000003093e4a10
Event: 11.688 Thread 0x00007fad17d50000 DEOPT UNPACKING pc=0x000000010c39d384 sp=0x00000003093e47c0 mode 1


Dynamic libraries:
0x00007ff835532000 	/System/Library/Frameworks/Cocoa.framework/Versions/A/Cocoa
0x00007ff820c2d000 	/System/Library/Frameworks/AppKit.framework/Versions/C/AppKit
0x00007ff824197000 	/System/Library/Frameworks/CoreData.framework/Versions/A/CoreData
0x00007ff81f039000 	/System/Library/Frameworks/Foundation.framework/Versions/C/Foundation
0x00007ff829419000 	/usr/lib/libSystem.B.dylib
0x00007ff821abb000 	/System/Library/PrivateFrameworks/UIFoundation.framework/Versions/A/UIFoundation
0x00007ff82f438000 	/System/Library/PrivateFrameworks/RemoteViewServices.framework/Versions/A/RemoteViewServices
0x00007ff8276dc000 	/System/Library/PrivateFrameworks/XCTTargetBootstrap.framework/Versions/A/XCTTargetBootstrap
0x00007ff82b2de000 	/System/Library/PrivateFrameworks/InternationalSupport.framework/Versions/A/InternationalSupport
0x00007ff82b368000 	/System/Library/PrivateFrameworks/UserActivity.framework/Versions/A/UserActivity
0x00007ff82a6c2000 	/usr/lib/libspindump.dylib
0x00007ff821d49000 	/System/Library/Frameworks/UniformTypeIdentifiers.framework/Versions/A/UniformTypeIdentifiers
0x00007ff825e05000 	/usr/lib/libapp_launch_measurement.dylib
0x00007ff824b78000 	/System/Library/PrivateFrameworks/CoreAnalytics.framework/Versions/A/CoreAnalytics
0x00007ff825e08000 	/System/Library/PrivateFrameworks/CoreAutoLayout.framework/Versions/A/CoreAutoLayout
0x00007ff827036000 	/System/Library/Frameworks/Metal.framework/Versions/A/Metal
0x00007ff827d62000 	/usr/lib/liblangid.dylib
0x00007ff8276e1000 	/System/Library/PrivateFrameworks/CoreSVG.framework/Versions/A/CoreSVG
0x00007ff823130000 	/System/Library/PrivateFrameworks/SkyLight.framework/Versions/A/SkyLight
0x00007ff8234ce000 	/System/Library/Frameworks/CoreGraphics.framework/Versions/A/CoreGraphics
0x00007ff82faf8000 	/System/Library/Frameworks/Accelerate.framework/Versions/A/Accelerate
0x00007ff82a141000 	/System/Library/PrivateFrameworks/IconServices.framework/Versions/A/IconServices
0x00007ff82701b000 	/System/Library/Frameworks/IOSurface.framework/Versions/A/IOSurface
0x00007ff824ba6000 	/usr/lib/libDiagnosticMessagesClient.dylib
0x00007ff829333000 	/usr/lib/libz.1.dylib
0x00007ff8331db000 	/System/Library/Frameworks/ApplicationServices.framework/Versions/A/ApplicationServices
0x00007ff8276c8000 	/System/Library/PrivateFrameworks/DFRFoundation.framework/Versions/A/DFRFoundation
0x00007ff820515000 	/usr/lib/libicucore.A.dylib
0x00007ff82c0d3000 	/System/Library/Frameworks/AudioToolbox.framework/Versions/A/AudioToolbox
0x00007ff82b2ea000 	/System/Library/PrivateFrameworks/DataDetectorsCore.framework/Versions/A/DataDetectorsCore
0x00007ff9272bc000 	/System/Library/PrivateFrameworks/TextInput.framework/Versions/A/TextInput
0x00007ff8230b3000 	/usr/lib/libMobileGestalt.dylib
0x00007ff8273d4000 	/System/Library/Frameworks/Carbon.framework/Versions/A/Frameworks/HIToolbox.framework/Versions/A/HIToolbox
0x00007ff82580b000 	/System/Library/Frameworks/QuartzCore.framework/Versions/A/QuartzCore
0x00007ff8201bc000 	/System/Library/Frameworks/Security.framework/Versions/A/Security
0x00007ff82f470000 	/System/Library/Frameworks/Carbon.framework/Versions/A/Frameworks/SpeechRecognition.framework/Versions/A/SpeechRecognition
0x00007ff825b65000 	/System/Library/PrivateFrameworks/CoreUI.framework/Versions/A/CoreUI
0x00007ff81fa88000 	/System/Library/Frameworks/CoreAudio.framework/Versions/A/CoreAudio
0x00007ff824c95000 	/System/Library/Frameworks/DiskArbitration.framework/Versions/A/DiskArbitration
0x00007ff82aaae000 	/System/Library/PrivateFrameworks/MultitouchSupport.framework/Versions/A/MultitouchSupport
0x00007ff8230b2000 	/usr/lib/libenergytrace.dylib
0x00007ff820b19000 	/System/Library/Frameworks/IOKit.framework/Versions/A/IOKit
0x00007ff82f860000 	/System/Library/Frameworks/CoreServices.framework/Versions/A/CoreServices
0x00007ff825d9f000 	/System/Library/PrivateFrameworks/PerformanceAnalysis.framework/Versions/A/PerformanceAnalysis
0x00007ffa366c8000 	/System/Library/Frameworks/OpenGL.framework/Versions/A/OpenGL
0x00007ff82894d000 	/System/Library/PrivateFrameworks/MobileKeyBag.framework/Versions/A/MobileKeyBag
0x00007ff81e0d6000 	/usr/lib/libobjc.A.dylib
0x00007ff823bf8000 	/System/Library/Frameworks/ColorSync.framework/Versions/A/ColorSync
0x00007ff81e290000 	/System/Library/Frameworks/CoreFoundation.framework/Versions/A/CoreFoundation
0x00007ff827958000 	/System/Library/Frameworks/CoreImage.framework/Versions/A/CoreImage
0x00007ff81f8a0000 	/System/Library/Frameworks/CoreText.framework/Versions/A/CoreText
0x00007ff827711000 	/System/Library/Frameworks/ImageIO.framework/Versions/A/ImageIO
0x00007ff82941f000 	/System/Library/PrivateFrameworks/SoftLinking.framework/Versions/A/SoftLinking
0x00007ff825e50000 	/usr/lib/libxml2.2.dylib
0x00007ff81e19c000 	/usr/lib/libc++.1.dylib
0x00007ff8296a0000 	/usr/lib/libcompression.dylib
0x00007ff82b211000 	/System/Library/PrivateFrameworks/TextureIO.framework/Versions/A/TextureIO
0x00007ff829dba000 	/usr/lib/libate.dylib
0x00007ff829414000 	/usr/lib/system/libcache.dylib
0x00007ff8293d0000 	/usr/lib/system/libcommonCrypto.dylib
0x00007ff8293f9000 	/usr/lib/system/libcompiler_rt.dylib
0x00007ff8293ef000 	/usr/lib/system/libcopyfile.dylib
0x00007ff81dfd1000 	/usr/lib/system/libcorecrypto.dylib
0x00007ff81e08f000 	/usr/lib/system/libdispatch.dylib
0x00007ff81e24f000 	/usr/lib/system/libdyld.dylib
0x00007ff82940b000 	/usr/lib/system/libkeymgr.dylib
0x00007ff8293ae000 	/usr/lib/system/libmacho.dylib
0x00007ff828a27000 	/usr/lib/system/libquarantine.dylib
0x00007ff829409000 	/usr/lib/system/libremovefile.dylib
0x00007ff823100000 	/usr/lib/system/libsystem_asl.dylib
0x00007ff81df7a000 	/usr/lib/system/libsystem_blocks.dylib
0x00007ff81e113000 	/usr/lib/system/libsystem_c.dylib
0x00007ff829401000 	/usr/lib/system/libsystem_collections.dylib
0x00007ff827d52000 	/usr/lib/system/libsystem_configuration.dylib
0x00007ff826ffe000 	/usr/lib/system/libsystem_containermanager.dylib
0x00007ff8290e1000 	/usr/lib/system/libsystem_coreservices.dylib
0x00007ff8207a9000 	/usr/lib/system/libsystem_darwin.dylib
0x00007ff82940c000 	/usr/lib/system/libsystem_dnssd.dylib
0x00007ff81e110000 	/usr/lib/system/libsystem_featureflags.dylib
0x00007ff81e265000 	/usr/lib/system/libsystem_info.dylib
0x00007ff829346000 	/usr/lib/system/libsystem_m.dylib
0x00007ff81e063000 	/usr/lib/system/libsystem_malloc.dylib
0x00007ff82309b000 	/usr/lib/system/libsystem_networkextension.dylib
0x00007ff820bcf000 	/usr/lib/system/libsystem_notify.dylib
0x00007ff82f735000 	/usr/lib/system/libsystem_product_info_filter.dylib
0x00007ff827d56000 	/usr/lib/system/libsystem_sandbox.dylib
0x00007ff829406000 	/usr/lib/system/libsystem_secinit.dylib
0x00007ff81e20b000 	/usr/lib/system/libsystem_kernel.dylib
0x00007ff81e25b000 	/usr/lib/system/libsystem_platform.dylib
0x00007ff81e243000 	/usr/lib/system/libsystem_pthread.dylib
0x00007ff8249b8000 	/usr/lib/system/libsystem_symptoms.dylib
0x00007ff81dfb8000 	/usr/lib/system/libsystem_trace.dylib
0x00007ff8293dc000 	/usr/lib/system/libunwind.dylib
0x00007ff81df7c000 	/usr/lib/system/libxpc.dylib
0x00007ff81e1f5000 	/usr/lib/libc++abi.dylib
0x00007ff8293e7000 	/usr/lib/liboah.dylib
0x00007ff829b78000 	/usr/lib/liblzma.5.dylib
0x00007ff81ed4c000 	/System/Library/Frameworks/SystemConfiguration.framework/Versions/A/SystemConfiguration
0x00007ff82941b000 	/usr/lib/libfakelink.dylib
0x00007ff822c0c000 	/System/Library/Frameworks/CFNetwork.framework/Versions/A/CFNetwork
0x00007ff82955c000 	/usr/lib/libarchive.2.dylib
0x00007ff827d5e000 	/System/Library/PrivateFrameworks/AppleSystemInfo.framework/Versions/A/AppleSystemInfo
0x00007ff828a4e000 	/usr/lib/libbsm.0.dylib
0x00007ff82221f000 	/usr/lib/libnetwork.dylib
0x00007ff8293b4000 	/usr/lib/system/libkxld.dylib
0x00007ff82867a000 	/System/Library/PrivateFrameworks/IOMobileFramebuffer.framework/Versions/A/IOMobileFramebuffer
0x00007ffb35db1000 	/usr/lib/libCoreEntitlements.dylib
0x00007ff8290c3000 	/System/Library/PrivateFrameworks/AppleFSCompression.framework/Versions/A/AppleFSCompression
0x00007ff828a36000 	/usr/lib/libcoretls.dylib
0x00007ff829b92000 	/usr/lib/libcoretls_cfhelpers.dylib
0x00007ff82969b000 	/usr/lib/libpam.2.dylib
0x00007ff8245db000 	/usr/lib/libsqlite3.dylib
0x00007ff829c01000 	/usr/lib/libxar.1.dylib
0x00007ff8290d3000 	/usr/lib/libbz2.1.0.dylib
0x00007ff829420000 	/usr/lib/libpcap.A.dylib
0x00007ff8249b0000 	/usr/lib/libdns_services.dylib
0x00007ff82966e000 	/usr/lib/libapple_nghttp2.dylib
0x00007ff82945a000 	/usr/lib/libiconv.2.dylib
0x00007ff8293ad000 	/usr/lib/libcharset.1.dylib
0x00007ff825dd3000 	/System/Library/Frameworks/CoreServices.framework/Versions/A/Frameworks/FSEvents.framework/Versions/A/FSEvents
0x00007ff8207b3000 	/System/Library/Frameworks/CoreServices.framework/Versions/A/Frameworks/CarbonCore.framework/Versions/A/CarbonCore
0x00007ff824bf9000 	/System/Library/Frameworks/CoreServices.framework/Versions/A/Frameworks/Metadata.framework/Versions/A/Metadata
0x00007ff8290e6000 	/System/Library/Frameworks/CoreServices.framework/Versions/A/Frameworks/OSServices.framework/Versions/A/OSServices
0x00007ff8295e3000 	/System/Library/Frameworks/CoreServices.framework/Versions/A/Frameworks/SearchKit.framework/Versions/A/SearchKit
0x00007ff824943000 	/System/Library/Frameworks/CoreServices.framework/Versions/A/Frameworks/AE.framework/Versions/A/AE
0x00007ff81e791000 	/System/Library/Frameworks/CoreServices.framework/Versions/A/Frameworks/LaunchServices.framework/Versions/A/LaunchServices
0x00007ff829b29000 	/System/Library/Frameworks/CoreServices.framework/Versions/A/Frameworks/DictionaryServices.framework/Versions/A/DictionaryServices
0x00007ff825de0000 	/System/Library/Frameworks/CoreServices.framework/Versions/A/Frameworks/SharedFileList.framework/Versions/A/SharedFileList
0x00007ff828a2a000 	/usr/lib/libCheckFix.dylib
0x00007ff823117000 	/System/Library/PrivateFrameworks/TCC.framework/Versions/A/TCC
0x00007ff827d64000 	/System/Library/PrivateFrameworks/CoreNLP.framework/Versions/A/CoreNLP
0x00007ff824ba9000 	/System/Library/PrivateFrameworks/MetadataUtilities.framework/Versions/A/MetadataUtilities
0x00007ff81edfc000 	/usr/lib/libmecabra.dylib
0x00007ff828a5e000 	/usr/lib/libmecab.dylib
0x00007ff81edc7000 	/usr/lib/libCRFSuite.dylib
0x00007ff828ab8000 	/usr/lib/libgermantok.dylib
0x00007ff829649000 	/usr/lib/libThaiTokenizer.dylib
0x00007ff824c9c000 	/System/Library/Frameworks/Accelerate.framework/Versions/A/Frameworks/vImage.framework/Versions/A/vImage
0x00007ff82f837000 	/System/Library/Frameworks/Accelerate.framework/Versions/A/Frameworks/vecLib.framework/Versions/A/vecLib
0x00007ff829c42000 	/System/Library/Frameworks/Accelerate.framework/Versions/A/Frameworks/vecLib.framework/Versions/A/libvMisc.dylib
0x00007ff828479000 	/System/Library/Frameworks/Accelerate.framework/Versions/A/Frameworks/vecLib.framework/Versions/A/libvDSP.dylib
0x00007ff81eb0b000 	/System/Library/Frameworks/Accelerate.framework/Versions/A/Frameworks/vecLib.framework/Versions/A/libBLAS.dylib
0x00007ff82977e000 	/System/Library/Frameworks/Accelerate.framework/Versions/A/Frameworks/vecLib.framework/Versions/A/libLAPACK.dylib
0x00007ff828abb000 	/System/Library/Frameworks/Accelerate.framework/Versions/A/Frameworks/vecLib.framework/Versions/A/libLinearAlgebra.dylib
0x00007ff829686000 	/System/Library/Frameworks/Accelerate.framework/Versions/A/Frameworks/vecLib.framework/Versions/A/libSparseBLAS.dylib
0x00007ff829778000 	/System/Library/Frameworks/Accelerate.framework/Versions/A/Frameworks/vecLib.framework/Versions/A/libQuadrature.dylib
0x00007ff827e4f000 	/System/Library/Frameworks/Accelerate.framework/Versions/A/Frameworks/vecLib.framework/Versions/A/libBNNS.dylib
0x00007ff81ecdd000 	/System/Library/Frameworks/Accelerate.framework/Versions/A/Frameworks/vecLib.framework/Versions/A/libSparse.dylib
0x00007ff827e48000 	/System/Library/PrivateFrameworks/LinguisticData.framework/Versions/A/LinguisticData
0x00007ff81ec93000 	/System/Library/PrivateFrameworks/Lexicon.framework/Versions/A/Lexicon
0x00007ff829c3b000 	/usr/lib/libChineseTokenizer.dylib
0x00007ff81f3f5000 	/System/Library/PrivateFrameworks/LanguageModeling.framework/Versions/A/LanguageModeling
0x00007ff82964b000 	/System/Library/PrivateFrameworks/AppleSauce.framework/Versions/A/AppleSauce
0x00007ff828668000 	/System/Library/PrivateFrameworks/CoreEmoji.framework/Versions/A/CoreEmoji
0x00007ff82954b000 	/usr/lib/libcmph.dylib
0x00007ff825db7000 	/System/Library/Frameworks/OpenDirectory.framework/Versions/A/Frameworks/CFOpenDirectory.framework/Versions/A/CFOpenDirectory
0x00007ff825dab000 	/System/Library/Frameworks/OpenDirectory.framework/Versions/A/OpenDirectory
0x00007ff829b94000 	/System/Library/PrivateFrameworks/APFS.framework/Versions/A/APFS
0x00007ff828985000 	/System/Library/Frameworks/SecurityFoundation.framework/Versions/A/SecurityFoundation
0x00007ff829c0f000 	/usr/lib/libutil.dylib
0x00007ff820add000 	/System/Library/PrivateFrameworks/CoreServicesStore.framework/Versions/A/CoreServicesStore
0x00007ff829c13000 	/usr/lib/libxslt.1.dylib
0x00007ff828a12000 	/System/Library/PrivateFrameworks/BackgroundTaskManagement.framework/Versions/A/BackgroundTaskManagement
0x00007ff82b132000 	/System/Library/Frameworks/ImageIO.framework/Versions/A/Resources/libRadiance.dylib
0x00007ff82b13b000 	/System/Library/Frameworks/ImageIO.framework/Versions/A/Resources/libJPEG.dylib
0x00007ff82b08d000 	/System/Library/Frameworks/ImageIO.framework/Versions/A/Resources/libPng.dylib
0x00007ff82b0ae000 	/System/Library/Frameworks/ImageIO.framework/Versions/A/Resources/libTIFF.dylib
0x00007ff82b19a000 	/System/Library/Frameworks/ImageIO.framework/Versions/A/Resources/libGIF.dylib
0x00007ff82a9ca000 	/System/Library/Frameworks/ImageIO.framework/Versions/A/Resources/libJP2.dylib
0x00007ff82a108000 	/usr/lib/libexpat.1.dylib
0x00007ff82a97f000 	/System/Library/PrivateFrameworks/AppleJPEG.framework/Versions/A/AppleJPEG
0x00007ff827298000 	/System/Library/PrivateFrameworks/FontServices.framework/libFontParser.dylib
0x00007ff8248ed000 	/System/Library/PrivateFrameworks/RunningBoardServices.framework/Versions/A/RunningBoardServices
0x00007ff835aea000 	/System/Library/PrivateFrameworks/IOSurfaceAccelerator.framework/Versions/A/IOSurfaceAccelerator
0x00007ff82aaaa000 	/System/Library/PrivateFrameworks/WatchdogClient.framework/Versions/A/WatchdogClient
0x00007ff81f4e3000 	/System/Library/Frameworks/CoreDisplay.framework/Versions/A/CoreDisplay
0x00007ff827196000 	/System/Library/Frameworks/CoreMedia.framework/Versions/A/CoreMedia
0x00007ff82702d000 	/System/Library/PrivateFrameworks/IOAccelerator.framework/Versions/A/IOAccelerator
0x00007ff825f34000 	/System/Library/Frameworks/CoreVideo.framework/Versions/A/CoreVideo
0x00007ff829699000 	/System/Library/Frameworks/MetalPerformanceShaders.framework/Versions/A/MetalPerformanceShaders
0x00007ff82aae7000 	/System/Library/Frameworks/VideoToolbox.framework/Versions/A/VideoToolbox
0x00007ff824837000 	/System/Library/PrivateFrameworks/BaseBoard.framework/Versions/A/BaseBoard
0x00007ff8245c1000 	/System/Library/PrivateFrameworks/ProtocolBuffer.framework/Versions/A/ProtocolBuffer
0x00007ff82b12b000 	/System/Library/PrivateFrameworks/GPUWrangler.framework/Versions/A/GPUWrangler
0x00007ff82b10f000 	/System/Library/PrivateFrameworks/IOPresentment.framework/Versions/A/IOPresentment
0x00007ff82b135000 	/System/Library/PrivateFrameworks/DSExternalDisplay.framework/Versions/A/DSExternalDisplay
0x00007ffa366bc000 	/System/Library/Frameworks/OpenGL.framework/Versions/A/Libraries/libCoreFSCache.dylib
0x00007ffb2355a000 	/System/Library/PrivateFrameworks/GPUCompiler.framework/Versions/31001/Libraries/libGPUCompilerUtils.dylib
0x00007ff82b19f000 	/System/Library/PrivateFrameworks/CMCaptureCore.framework/Versions/A/CMCaptureCore
0x00007ff82a6b0000 	/System/Library/PrivateFrameworks/AppServerSupport.framework/Versions/A/AppServerSupport
0x00007ff82c96b000 	/System/Library/PrivateFrameworks/perfdata.framework/Versions/A/perfdata
0x00007ff81f60f000 	/System/Library/PrivateFrameworks/AudioToolboxCore.framework/Versions/A/AudioToolboxCore
0x00007ff827174000 	/System/Library/PrivateFrameworks/caulk.framework/Versions/A/caulk
0x00007ff82c27d000 	/usr/lib/libAudioStatistics.dylib
0x00007ff923a6a000 	/System/Library/PrivateFrameworks/SystemPolicy.framework/Versions/A/SystemPolicy
0x00007ff82c4d8000 	/usr/lib/libSMC.dylib
0x00007ff8353e5000 	/System/Library/Frameworks/CoreMIDI.framework/Versions/A/CoreMIDI
0x00007ff82b05c000 	/usr/lib/libAudioToolboxUtility.dylib
0x00007ff91fd0d000 	/System/Library/PrivateFrameworks/OSAServicesClient.framework/Versions/A/OSAServicesClient
0x00007ff82c978000 	/usr/lib/libperfcheck.dylib
0x00007ff924514000 	/usr/lib/libmis.dylib
0x00007ffa36717000 	/System/Library/Frameworks/OpenGL.framework/Versions/A/Libraries/libGLU.dylib
0x00007ffa366db000 	/System/Library/Frameworks/OpenGL.framework/Versions/A/Libraries/libGFXShared.dylib
0x00007ffa368e4000 	/System/Library/Frameworks/OpenGL.framework/Versions/A/Libraries/libGL.dylib
0x00007ffa366e4000 	/System/Library/Frameworks/OpenGL.framework/Versions/A/Libraries/libGLImage.dylib
0x00007ffa366d8000 	/System/Library/Frameworks/OpenGL.framework/Versions/A/Libraries/libCVMSPluginSupport.dylib
0x00007ffa366c3000 	/System/Library/Frameworks/OpenGL.framework/Versions/A/Libraries/libCoreVMClient.dylib
0x00007ff827ce0000 	/System/Library/Frameworks/MetalPerformanceShaders.framework/Versions/A/Frameworks/MPSCore.framework/Versions/A/MPSCore
0x00007ff82902e000 	/System/Library/Frameworks/MetalPerformanceShaders.framework/Versions/A/Frameworks/MPSImage.framework/Versions/A/MPSImage
0x00007ff828ad1000 	/System/Library/Frameworks/MetalPerformanceShaders.framework/Versions/A/Frameworks/MPSNeuralNetwork.framework/Versions/A/MPSNeuralNetwork
0x00007ff828f45000 	/System/Library/Frameworks/MetalPerformanceShaders.framework/Versions/A/Frameworks/MPSMatrix.framework/Versions/A/MPSMatrix
0x00007ff828d00000 	/System/Library/Frameworks/MetalPerformanceShaders.framework/Versions/A/Frameworks/MPSRayIntersector.framework/Versions/A/MPSRayIntersector
0x00007ff828f7d000 	/System/Library/Frameworks/MetalPerformanceShaders.framework/Versions/A/Frameworks/MPSNDArray.framework/Versions/A/MPSNDArray
0x00007ffa3b644000 	/System/Library/Frameworks/MetalPerformanceShaders.framework/Versions/A/Frameworks/MPSFunctions.framework/Versions/A/MPSFunctions
0x00007ff81e9e8000 	/System/Library/PrivateFrameworks/MetalTools.framework/Versions/A/MetalTools
0x00007ff827d5c000 	/System/Library/PrivateFrameworks/AggregateDictionary.framework/Versions/A/AggregateDictionary
0x00007ff829eea000 	/usr/lib/libIOReport.dylib
0x00007ffa37cf3000 	/System/Library/Frameworks/OpenCL.framework/Versions/A/OpenCL
0x00007ff82a24e000 	/System/Library/PrivateFrameworks/FaceCore.framework/Versions/A/FaceCore
0x00007ff82a23f000 	/System/Library/PrivateFrameworks/GraphVisualizer.framework/Versions/A/GraphVisualizer
0x00007ffb23465000 	/System/Library/PrivateFrameworks/FontServices.framework/Versions/A/FontServices
0x00007ff82a668000 	/System/Library/PrivateFrameworks/OTSVG.framework/Versions/A/OTSVG
0x00007ff825b1b000 	/System/Library/Frameworks/ApplicationServices.framework/Versions/A/Frameworks/ATS.framework/Versions/A/Resources/libFontRegistry.dylib
0x00007ff82a6b8000 	/System/Library/PrivateFrameworks/FontServices.framework/libhvf.dylib
0x00007ffb23466000 	/System/Library/PrivateFrameworks/FontServices.framework/libXTFontStaticRegistryData.dylib
0x00007ff82a0b8000 	/System/Library/PrivateFrameworks/AppleVA.framework/Versions/A/AppleVA
0x00007ff82c29d000 	/System/Library/Frameworks/ApplicationServices.framework/Versions/A/Frameworks/ATS.framework/Versions/A/ATS
0x00007ff823cf4000 	/System/Library/Frameworks/ApplicationServices.framework/Versions/A/Frameworks/HIServices.framework/Versions/A/HIServices
0x00007ff82b1a9000 	/System/Library/Frameworks/ApplicationServices.framework/Versions/A/Frameworks/PrintCore.framework/Versions/A/PrintCore
0x00007ff82c62b000 	/System/Library/Frameworks/ApplicationServices.framework/Versions/A/Frameworks/QD.framework/Versions/A/QD
0x00007ff82c623000 	/System/Library/Frameworks/ApplicationServices.framework/Versions/A/Frameworks/ColorSyncLegacy.framework/Versions/A/ColorSyncLegacy
0x00007ff82c28d000 	/System/Library/Frameworks/ApplicationServices.framework/Versions/A/Frameworks/SpeechSynthesis.framework/Versions/A/SpeechSynthesis
0x00007ff82b16a000 	/System/Library/Frameworks/ApplicationServices.framework/Versions/A/Frameworks/ATSUI.framework/Versions/A/ATSUI
0x00007ff82c5b8000 	/usr/lib/libcups.2.dylib
0x00007ff82c987000 	/System/Library/Frameworks/Kerberos.framework/Versions/A/Kerberos
0x00007ff82c996000 	/System/Library/Frameworks/GSS.framework/Versions/A/GSS
0x00007ff82c309000 	/usr/lib/libresolv.9.dylib
0x00007ff82a6c7000 	/System/Library/PrivateFrameworks/Heimdal.framework/Versions/A/Heimdal
0x00007ff833563000 	/System/Library/Frameworks/Kerberos.framework/Versions/A/Libraries/libHeimdalProxy.dylib
0x00007ff8249c0000 	/System/Library/Frameworks/Network.framework/Versions/A/Network
0x00007ff82a122000 	/usr/lib/libheimdal-asn1.dylib
0x00007ff82c9e1000 	/System/Library/PrivateFrameworks/CommonAuth.framework/Versions/A/CommonAuth
0x00007ff82c20f000 	/System/Library/PrivateFrameworks/AudioSession.framework/Versions/A/AudioSession
0x00007ff82a1b2000 	/System/Library/PrivateFrameworks/MediaExperience.framework/Versions/A/MediaExperience
0x00007ff82c0a2000 	/System/Library/PrivateFrameworks/AudioSession.framework/libSessionUtility.dylib
0x00007ff82c637000 	/System/Library/PrivateFrameworks/AudioResourceArbitration.framework/Versions/A/AudioResourceArbitration
0x00007ff8306aa000 	/System/Library/PrivateFrameworks/PowerLog.framework/Versions/A/PowerLog
0x00007ff82a12b000 	/System/Library/PrivateFrameworks/IconFoundation.framework/Versions/A/IconFoundation
0x00007ff82f460000 	/System/Library/PrivateFrameworks/SpeechRecognitionCore.framework/Versions/A/SpeechRecognitionCore
0x00007ffa28964000 	/System/Library/CoreServices/Encodings/libSimplifiedChineseConverter.dylib
0x000000010a49f000 	/Library/Java/JavaVirtualMachines/jdk1.8.0_221.jdk/Contents/Home/jre/lib/server/libjvm.dylib
0x00007ffb36859000 	/usr/lib/libstdc++.6.dylib
0x0000000109533000 	/Library/Java/JavaVirtualMachines/jdk1.8.0_221.jdk/Contents/Home/jre/lib/libverify.dylib
0x0000000109588000 	/Library/Java/JavaVirtualMachines/jdk1.8.0_221.jdk/Contents/Home/jre/lib/libjava.dylib
0x0000000109648000 	/Library/Java/JavaVirtualMachines/jdk1.8.0_221.jdk/Contents/Home/jre/lib/libjdwp.dylib
0x0000000109552000 	/Library/Java/JavaVirtualMachines/jdk1.8.0_221.jdk/Contents/Home/jre/lib/libnpt.dylib
0x00000001095fd000 	/private/var/folders/gp/_wfdrr7s4jz7nkf90cbpj_f00000gn/T/jrebel-JRebel-202010231111-griffin/lib/libjrebel64.dylib
0x00000001096ec000 	/Library/Java/JavaVirtualMachines/jdk1.8.0_221.jdk/Contents/Home/jre/lib/libinstrument.dylib
0x0000000109570000 	/Library/Java/JavaVirtualMachines/jdk1.8.0_221.jdk/Contents/Home/jre/lib/libzip.dylib
0x000000012fdc1000 	/Library/Java/JavaVirtualMachines/jdk1.8.0_221.jdk/Contents/Home/jre/lib/libdt_socket.dylib
0x00000001301d6000 	/Library/Java/JavaVirtualMachines/jdk1.8.0_221.jdk/Contents/Home/jre/lib/libmanagement.dylib
0x0000000130204000 	/Library/Java/JavaVirtualMachines/jdk1.8.0_221.jdk/Contents/Home/jre/lib/libnio.dylib
0x0000000130243000 	/Library/Java/JavaVirtualMachines/jdk1.8.0_221.jdk/Contents/Home/jre/lib/libnet.dylib
0x000000013124a000 	/Library/Java/JavaVirtualMachines/jdk1.8.0_221.jdk/Contents/Home/jre/lib/libsunec.dylib
0x0000000148a55000 	/Library/Java/JavaVirtualMachines/jdk1.8.0_221.jdk/Contents/Home/jre/lib/libawt.dylib
0x0000000148c73000 	/Library/Java/JavaVirtualMachines/jdk1.8.0_221.jdk/Contents/Home/jre/lib/libmlib_image.dylib
0x00007ffa3b5a1000 	/System/Library/Frameworks/JavaNativeFoundation.framework/Versions/A/JavaNativeFoundation
0x00007ffa3b5ad000 	/System/Library/Frameworks/JavaRuntimeSupport.framework/Versions/A/JavaRuntimeSupport
0x00007ff92358f000 	/System/Library/Frameworks/Carbon.framework/Versions/A/Carbon
0x00007ff831927000 	/System/Library/PrivateFrameworks/CoreSymbolication.framework/Versions/A/CoreSymbolication
0x00007ff836e78000 	/System/Library/Frameworks/Carbon.framework/Versions/A/Frameworks/CommonPanels.framework/Versions/A/CommonPanels
0x00007ff832f5b000 	/System/Library/Frameworks/Carbon.framework/Versions/A/Frameworks/Help.framework/Versions/A/Help
0x00007ff836e7c000 	/System/Library/Frameworks/Carbon.framework/Versions/A/Frameworks/ImageCapture.framework/Versions/A/ImageCapture
0x00007ff836e4c000 	/System/Library/Frameworks/Carbon.framework/Versions/A/Frameworks/OpenScripting.framework/Versions/A/OpenScripting
0x00007ff836e74000 	/System/Library/Frameworks/Carbon.framework/Versions/A/Frameworks/Ink.framework/Versions/A/Ink
0x00007ff92358b000 	/System/Library/Frameworks/Carbon.framework/Versions/A/Frameworks/Print.framework/Versions/A/Print
0x00007ff836e70000 	/System/Library/Frameworks/Carbon.framework/Versions/A/Frameworks/SecurityHI.framework/Versions/A/SecurityHI
0x00007ff8318ec000 	/System/Library/PrivateFrameworks/DebugSymbols.framework/Versions/A/DebugSymbols
0x0000000148dfb000 	/Library/Java/JavaVirtualMachines/jdk1.8.0_221.jdk/Contents/Home/jre/lib/libawt_lwawt.dylib
0x00000001489ea000 	/Library/Java/JavaVirtualMachines/jdk1.8.0_221.jdk/Contents/Home/jre/lib/libosxapp.dylib
0x00007ff922979000 	/System/Library/Frameworks/ExceptionHandling.framework/Versions/A/ExceptionHandling
0x0000000148bea000 	/private/var/folders/gp/_wfdrr7s4jz7nkf90cbpj_f00000gn/T/jna-456672850/jna3366614415499938210.tmp
0x00007ffa3b5b5000 	/System/Library/Frameworks/JavaVM.framework/Versions/A/JavaVM
0x00000001493fd000 	/usr/local/Cellar/tesseract/5.3.2/lib/libtesseract.5.dylib
0x00000001499b7000 	/usr/local/Cellar/leptonica/1.82.0_2/lib/liblept.5.dylib
0x000000014920b000 	/usr/local/Cellar/libarchive/3.6.2_1/lib/libarchive.13.dylib
0x0000000149165000 	/usr/local/Cellar/libpng/1.6.40/lib/libpng16.16.dylib
0x0000000149f7b000 	/usr/local/Cellar/jpeg-turbo/2.1.5.1/lib/libjpeg.8.2.2.dylib
0x0000000148ba7000 	/usr/local/Cellar/giflib/5.2.1/lib/libgif.7.2.0.dylib
0x000000014a0a9000 	/usr/local/Cellar/libtiff/4.5.1/lib/libtiff.6.dylib
0x0000000148bc6000 	/usr/local/Cellar/webp/1.3.1/lib/libwebpmux.3.0.12.dylib
0x000000014a1ae000 	/usr/local/Cellar/webp/1.3.1/lib/libwebp.7.1.7.dylib
0x0000000148c26000 	/usr/local/Cellar/webp/1.3.1/lib/libsharpyuv.0.0.1.dylib
0x000000014a2a3000 	/usr/local/Cellar/openjpeg/2.5.0_1/lib/libopenjp2.2.5.0.dylib
0x000000014a43a000 	/usr/local/Cellar/zstd/1.5.5/lib/libzstd.1.5.5.dylib
0x0000000149ed8000 	/usr/local/Cellar/xz/5.4.3/lib/liblzma.5.dylib
0x000000014a36c000 	/usr/local/Cellar/lz4/1.9.4/lib/liblz4.1.9.4.dylib
0x000000014939e000 	/usr/local/Cellar/libb2/0.98.1/lib/libb2.1.dylib
0x00007ff832f6f000 	/usr/lib/libcurl.4.dylib
0x00007ffb3632c000 	/usr/lib/libcrypto.46.dylib
0x00007ffb3681d000 	/usr/lib/libssl.48.dylib
0x00007ff832c93000 	/System/Library/Frameworks/LDAP.framework/Versions/A/LDAP
0x00007ff832ccb000 	/System/Library/PrivateFrameworks/TrustEvaluationAgent.framework/Versions/A/TrustEvaluationAgent
0x00007ff82c322000 	/usr/lib/libsasl2.2.dylib
0x00007ff82fb70000 	/System/Library/PrivateFrameworks/CoreDaemon.framework/Versions/B/CoreDaemon
0x00007ff82fb6b000 	/System/Library/PrivateFrameworks/AppleSRP.framework/Versions/A/AppleSRP
0x00007ff828a1c000 	/System/Library/Frameworks/ServiceManagement.framework/Versions/A/ServiceManagement

VM Arguments:
jvm_args: -agentlib:jdwp=transport=dt_socket,address=127.0.0.1:53157,suspend=y,server=n -Drebel.base=/Users/it00013207/.jrebel -Drebel.env.ide.plugin.version=2020.3.1 -Drebel.env.ide.version=2020.2.3 -Drebel.env.ide.product=IU -Drebel.env.ide=intellij -Drebel.notification.url=http://localhost:17434 -agentpath:/var/folders/gp/_wfdrr7s4jz7nkf90cbpj_f00000gn/T/jrebel-JRebel-202010231111-griffin/lib/libjrebel64.dylib -XX:TieredStopAtLevel=1 -Xverify:none -Dspring.output.ansi.enabled=always -Dcom.sun.management.jmxremote -Dspring.jmx.enabled=true -Dspring.liveBeansView.mbeanDomain -Dspring.application.admin.enabled=true -javaagent:/Users/it00013207/Library/Caches/JetBrains/IntelliJIdea2020.2/captureAgent/debugger-agent.jar -Dfile.encoding=UTF-8 
java_command: com.zzh.dream.StudyOcr1Application
java_class_path (initial): /Library/Java/JavaVirtualMachines/jdk1.8.0_221.jdk/Contents/Home/jre/lib/charsets.jar:/Library/Java/JavaVirtualMachines/jdk1.8.0_221.jdk/Contents/Home/jre/lib/deploy.jar:/Library/Java/JavaVirtualMachines/jdk1.8.0_221.jdk/Contents/Home/jre/lib/ext/cldrdata.jar:/Library/Java/JavaVirtualMachines/jdk1.8.0_221.jdk/Contents/Home/jre/lib/ext/dnsns.jar:/Library/Java/JavaVirtualMachines/jdk1.8.0_221.jdk/Contents/Home/jre/lib/ext/jaccess.jar:/Library/Java/JavaVirtualMachines/jdk1.8.0_221.jdk/Contents/Home/jre/lib/ext/jfxrt.jar:/Library/Java/JavaVirtualMachines/jdk1.8.0_221.jdk/Contents/Home/jre/lib/ext/localedata.jar:/Library/Java/JavaVirtualMachines/jdk1.8.0_221.jdk/Contents/Home/jre/lib/ext/nashorn.jar:/Library/Java/JavaVirtualMachines/jdk1.8.0_221.jdk/Contents/Home/jre/lib/ext/sunec.jar:/Library/Java/JavaVirtualMachines/jdk1.8.0_221.jdk/Contents/Home/jre/lib/ext/sunjce_provider.jar:/Library/Java/JavaVirtualMachines/jdk1.8.0_221.jdk/Contents/Home/jre/lib/ext/sunpkcs11.jar:/Library/Java/JavaVirtualMachines/jdk1.8.0_221.jdk/Contents/Home/jre/lib/ext/zipfs.jar:/Library/Java/JavaVirtualMachines/jdk1.8.0_221.jdk/Contents/Home/jre/lib/javaws.jar:/Library/Java/JavaVirtualMachines/jdk1.8.0_221.jdk/Contents/Home/jre/lib/jce.jar:/Library/Java/JavaVirtualMachines/jdk1.8.0_221.jdk/Contents/Home/jre/lib/jfr.jar:/Library/Java/JavaVirtualMachines/jdk1.8.0_221.jdk/Contents/Home/jre/lib/jfxswt.jar:/Library/Java/JavaVirtualMachines/jdk1.8.0_221.jdk/Contents/Home/jre/lib/jsse.jar:/Library/Java/JavaVirtualMachines/jdk1.8.0_221.jdk/Contents/Home/jre/lib/management-agent.jar:/Library/Java/JavaVirtualMachines/jdk1.8.0_221.jdk/Contents/Home/jre/lib/plugin.jar:/Library/Java/JavaVirtualMachines/jdk1.8.0_221.jdk/Contents/Home/jre/lib/resources.jar:/Library/Java/JavaVirtualMachines/jdk1.8.0_221.jdk/Contents/Home/jre/lib/rt.jar:/Library/Java/JavaVirtualMachines/jdk1.8.0_221.jdk/Contents/Home/lib/ant-javafx.jar:/Library/Java/JavaVirtualMachines/jdk1.8.0_221.jdk/Contents/Home
Launcher Type: SUN_STANDARD

Environment Variables:
PATH=/usr/bin:/bin:/usr/sbin:/sbin
SHELL=/bin/bash

Signal Handlers:
SIGSEGV: [libjvm.dylib+0x5b71a7], sa_mask[0]=11111111111111111111111111111111, sa_flags=SA_ONSTACK|SA_RESTART|SA_SIGINFO
SIGBUS: [libjvm.dylib+0x5b71a7], sa_mask[0]=11111111111111111111111111111111, sa_flags=SA_RESTART|SA_SIGINFO
SIGFPE: [libjvm.dylib+0x48c8fc], sa_mask[0]=11111111111111111111111111111111, sa_flags=SA_RESTART|SA_SIGINFO
SIGPIPE: [libjvm.dylib+0x48c8fc], sa_mask[0]=11111111111111111111111111111111, sa_flags=SA_RESTART|SA_SIGINFO
SIGXFSZ: [libjvm.dylib+0x48c8fc], sa_mask[0]=11111111111111111111111111111111, sa_flags=SA_RESTART|SA_SIGINFO
SIGILL: [libjvm.dylib+0x48c8fc], sa_mask[0]=11111111111111111111111111111111, sa_flags=SA_RESTART|SA_SIGINFO
SIGUSR1: SIG_DFL, sa_mask[0]=00000000000000000000000000000000, sa_flags=none
SIGUSR2: [libjvm.dylib+0x48c41a], sa_mask[0]=00100000000000000000000000000000, sa_flags=SA_RESTART|SA_SIGINFO
SIGHUP: [libjvm.dylib+0x48a9a5], sa_mask[0]=11111111111111111111111111111111, sa_flags=SA_RESTART|SA_SIGINFO
SIGINT: [libjvm.dylib+0x48a9a5], sa_mask[0]=11111111111111111111111111111111, sa_flags=SA_RESTART|SA_SIGINFO
SIGTERM: [libjvm.dylib+0x48a9a5], sa_mask[0]=11111111111111111111111111111111, sa_flags=SA_RESTART|SA_SIGINFO
SIGQUIT: [libjvm.dylib+0x48a9a5], sa_mask[0]=11111111111111111111111111111111, sa_flags=SA_RESTART|SA_SIGINFO


---------------  S Y S T E M  ---------------

OS:Bsduname:Darwin 21.4.0 Darwin Kernel Version 21.4.0: Mon Feb 21 20:35:58 PST 2022; root:xnu-8020.101.4~2/RELEASE_ARM64_T6000 x86_64
rlimit: STACK 8176k, CORE 0k, NPROC 5333, NOFILE 10240, AS infinity
load average:12.07 9.11 8.48

CPU:total 8 (initial active 8) (1 cores per cpu, 1 threads per core) family 6 model 44 stepping 0, cmov, cx8, fxsr, mmx, sse, sse2, sse3, ssse3, sse4.1, sse4.2, popcnt, aes, clmul, tsc, tscinvbit, tscinv

Memory: 4k page, physical 33554432k(21024k free)

/proc/meminfo:


vm_info: Java HotSpot(TM) 64-Bit Server VM (25.221-b11) for bsd-amd64 JRE (1.8.0_221-b11), built on Jul  4 2019 04:36:22 by "java_re" with gcc 4.2.1 (Based on Apple Inc. build 5658) (LLVM build 2336.11.00)

time: Wed Jul 19 18:54:48 2023
timezone: CST
elapsed time: 11 seconds (0d 0h 0m 11s)

